{"D:\\Users\\santoshkumarreddy\\Desktop\\santosh\\Sandbox-3\\swaggerdocu.js": {"path":"D:\\Users\\santoshkumarreddy\\Desktop\\santosh\\Sandbox-3\\swaggerdocu.js","statementMap":{"0":{"start":{"line":6,"column":19},"end":{"line":6,"column":35}},"1":{"start":{"line":8,"column":23},"end":{"line":23,"column":3}},"2":{"start":{"line":25,"column":27},"end":{"line":25,"column":55}},"3":{"start":{"line":26,"column":0},"end":{"line":26,"column":75}}},"fnMap":{},"branchMap":{},"s":{"0":1,"1":1,"2":1,"3":1},"f":{},"b":{},"_coverageSchema":"1a1c01bbd47fc00a2c39e90264f33305004495a9","hash":"7621fbb3e333b4cab65e8c82f5bd061a81d69042"}
,"D:\\Users\\santoshkumarreddy\\Desktop\\santosh\\Sandbox-3\\src\\app.js": {"path":"D:\\Users\\santoshkumarreddy\\Desktop\\santosh\\Sandbox-3\\src\\app.js","statementMap":{"0":{"start":{"line":18,"column":11},"end":{"line":18,"column":20}},"1":{"start":{"line":19,"column":1},"end":{"line":21,"column":7}},"2":{"start":{"line":30,"column":1},"end":{"line":30,"column":23}},"3":{"start":{"line":31,"column":1},"end":{"line":31,"column":23}},"4":{"start":{"line":32,"column":1},"end":{"line":32,"column":19}},"5":{"start":{"line":33,"column":1},"end":{"line":33,"column":25}},"6":{"start":{"line":36,"column":1},"end":{"line":36,"column":24}},"7":{"start":{"line":39,"column":1},"end":{"line":39,"column":35}},"8":{"start":{"line":45,"column":1},"end":{"line":47,"column":3}},"9":{"start":{"line":46,"column":5},"end":{"line":46,"column":50}}},"fnMap":{"0":{"name":"(anonymous_0)","decl":{"start":{"line":45,"column":18},"end":{"line":45,"column":19}},"loc":{"start":{"line":45,"column":24},"end":{"line":47,"column":2}},"line":45}},"branchMap":{},"s":{"0":1,"1":1,"2":1,"3":1,"4":1,"5":1,"6":1,"7":1,"8":1,"9":1},"f":{"0":1},"b":{},"_coverageSchema":"1a1c01bbd47fc00a2c39e90264f33305004495a9","hash":"042b471daaa7f47d957037b6e5107a3990bda331"}
,"D:\\Users\\santoshkumarreddy\\Desktop\\santosh\\Sandbox-3\\src\\router\\asaw.js": {"path":"D:\\Users\\santoshkumarreddy\\Desktop\\santosh\\Sandbox-3\\src\\router\\asaw.js","statementMap":{"0":{"start":{"line":5,"column":14},"end":{"line":5,"column":30}},"1":{"start":{"line":47,"column":0},"end":{"line":66,"column":2}},"2":{"start":{"line":51,"column":13},"end":{"line":51,"column":17}},"3":{"start":{"line":53,"column":20},"end":{"line":60,"column":6}},"4":{"start":{"line":55,"column":7},"end":{"line":58,"column":7}},"5":{"start":{"line":56,"column":8},"end":{"line":56,"column":52}},"6":{"start":{"line":57,"column":8},"end":{"line":57,"column":15}},"7":{"start":{"line":59,"column":6},"end":{"line":59,"column":29}},"8":{"start":{"line":61,"column":4},"end":{"line":61,"column":42}},"9":{"start":{"line":65,"column":2},"end":{"line":65,"column":12}}},"fnMap":{"0":{"name":"(anonymous_0)","decl":{"start":{"line":47,"column":18},"end":{"line":47,"column":19}},"loc":{"start":{"line":47,"column":35},"end":{"line":66,"column":1}},"line":47},"1":{"name":"display","decl":{"start":{"line":52,"column":15},"end":{"line":52,"column":22}},"loc":{"start":{"line":52,"column":25},"end":{"line":63,"column":3}},"line":52},"2":{"name":"(anonymous_2)","decl":{"start":{"line":53,"column":32},"end":{"line":53,"column":33}},"loc":{"start":{"line":53,"column":58},"end":{"line":60,"column":5}},"line":53}},"branchMap":{"0":{"loc":{"start":{"line":55,"column":7},"end":{"line":58,"column":7}},"type":"if","locations":[{"start":{"line":55,"column":7},"end":{"line":58,"column":7}},{"start":{"line":55,"column":7},"end":{"line":58,"column":7}}],"line":55}},"s":{"0":1,"1":1,"2":1,"3":1,"4":1,"5":0,"6":0,"7":1,"8":1,"9":1},"f":{"0":1,"1":1,"2":1},"b":{"0":[0,1]},"_coverageSchema":"1a1c01bbd47fc00a2c39e90264f33305004495a9","hash":"9a854779c269ec2ea3984dcca385ec8f793beed5"}
,"D:\\Users\\santoshkumarreddy\\Desktop\\santosh\\Sandbox-3\\src\\router\\callback.js": {"path":"D:\\Users\\santoshkumarreddy\\Desktop\\santosh\\Sandbox-3\\src\\router\\callback.js","statementMap":{"0":{"start":{"line":3,"column":18},"end":{"line":3,"column":34}},"1":{"start":{"line":45,"column":0},"end":{"line":62,"column":3}},"2":{"start":{"line":48,"column":14},"end":{"line":48,"column":23}},"3":{"start":{"line":49,"column":4},"end":{"line":61,"column":1}},"4":{"start":{"line":50,"column":8},"end":{"line":50,"column":57}},"5":{"start":{"line":51,"column":8},"end":{"line":51,"column":15}},"6":{"start":{"line":55,"column":8},"end":{"line":55,"column":46}},"7":{"start":{"line":58,"column":12},"end":{"line":58,"column":27}},"8":{"start":{"line":60,"column":10},"end":{"line":60,"column":30}}},"fnMap":{"0":{"name":"(anonymous_0)","decl":{"start":{"line":45,"column":27},"end":{"line":45,"column":28}},"loc":{"start":{"line":45,"column":54},"end":{"line":62,"column":1}},"line":45},"1":{"name":"greeting","decl":{"start":{"line":54,"column":17},"end":{"line":54,"column":25}},"loc":{"start":{"line":54,"column":32},"end":{"line":56,"column":11}},"line":54},"2":{"name":"UserInput","decl":{"start":{"line":57,"column":19},"end":{"line":57,"column":28}},"loc":{"start":{"line":57,"column":39},"end":{"line":59,"column":11}},"line":57}},"branchMap":{"0":{"loc":{"start":{"line":49,"column":4},"end":{"line":61,"column":1}},"type":"if","locations":[{"start":{"line":49,"column":4},"end":{"line":61,"column":1}},{"start":{"line":49,"column":4},"end":{"line":61,"column":1}}],"line":49}},"s":{"0":1,"1":1,"2":1,"3":1,"4":0,"5":0,"6":1,"7":1,"8":1},"f":{"0":1,"1":1,"2":1},"b":{"0":[0,1]},"_coverageSchema":"1a1c01bbd47fc00a2c39e90264f33305004495a9","hash":"47bac9ee3dfb2e174d09f12c6183ab3adcbea5f0"}
,"D:\\Users\\santoshkumarreddy\\Desktop\\santosh\\Sandbox-3\\src\\router\\promises.js": {"path":"D:\\Users\\santoshkumarreddy\\Desktop\\santosh\\Sandbox-3\\src\\router\\promises.js","statementMap":{"0":{"start":{"line":3,"column":18},"end":{"line":3,"column":34}},"1":{"start":{"line":46,"column":0},"end":{"line":61,"column":3}},"2":{"start":{"line":47,"column":20},"end":{"line":56,"column":8}},"3":{"start":{"line":50,"column":18},"end":{"line":50,"column":22}},"4":{"start":{"line":51,"column":9},"end":{"line":54,"column":11}},"5":{"start":{"line":52,"column":12},"end":{"line":52,"column":61}},"6":{"start":{"line":53,"column":12},"end":{"line":53,"column":19}},"7":{"start":{"line":55,"column":10},"end":{"line":55,"column":26}},"8":{"start":{"line":58,"column":6},"end":{"line":60,"column":8}},"9":{"start":{"line":59,"column":24},"end":{"line":59,"column":65}}},"fnMap":{"0":{"name":"(anonymous_0)","decl":{"start":{"line":46,"column":27},"end":{"line":46,"column":28}},"loc":{"start":{"line":46,"column":54},"end":{"line":61,"column":1}},"line":46},"1":{"name":"(anonymous_1)","decl":{"start":{"line":47,"column":32},"end":{"line":47,"column":33}},"loc":{"start":{"line":47,"column":52},"end":{"line":56,"column":7}},"line":47},"2":{"name":"(anonymous_2)","decl":{"start":{"line":59,"column":8},"end":{"line":59,"column":9}},"loc":{"start":{"line":59,"column":23},"end":{"line":59,"column":66}},"line":59}},"branchMap":{"0":{"loc":{"start":{"line":51,"column":9},"end":{"line":54,"column":11}},"type":"if","locations":[{"start":{"line":51,"column":9},"end":{"line":54,"column":11}},{"start":{"line":51,"column":9},"end":{"line":54,"column":11}}],"line":51}},"s":{"0":1,"1":1,"2":1,"3":1,"4":1,"5":0,"6":0,"7":1,"8":1,"9":1},"f":{"0":1,"1":1,"2":1},"b":{"0":[0,1]},"_coverageSchema":"1a1c01bbd47fc00a2c39e90264f33305004495a9","hash":"81f55b9748ecf03fd21dcd4a1ceb1de73d88da5a"}
}
