TN:
SF:swaggerdocu.js
FNF:0
FNH:0
DA:6,1
DA:8,1
DA:25,1
DA:26,1
LF:4
LH:4
BRF:0
BRH:0
end_of_record
TN:
SF:src\app.js
FN:45,(anonymous_0)
FNF:1
FNH:1
FNDA:1,(anonymous_0)
DA:18,1
DA:19,1
DA:30,1
DA:31,1
DA:32,1
DA:33,1
DA:36,1
DA:39,1
DA:45,1
DA:46,1
LF:10
LH:10
BRF:0
BRH:0
end_of_record
TN:
SF:src\router\asaw.js
FN:47,(anonymous_0)
FN:52,display
FN:53,(anonymous_2)
FNF:3
FNH:3
FNDA:1,(anonymous_0)
FNDA:1,display
FNDA:1,(anonymous_2)
DA:5,1
DA:47,1
DA:51,1
DA:53,1
DA:55,1
DA:56,0
DA:57,0
DA:59,1
DA:61,1
DA:65,1
LF:10
LH:8
BRDA:55,0,0,0
BRDA:55,0,1,1
BRF:2
BRH:1
end_of_record
TN:
SF:src\router\callback.js
FN:45,(anonymous_0)
FN:54,greeting
FN:57,UserInput
FNF:3
FNH:3
FNDA:1,(anonymous_0)
FNDA:1,greeting
FNDA:1,UserInput
DA:3,1
DA:45,1
DA:48,1
DA:49,1
DA:50,0
DA:51,0
DA:55,1
DA:58,1
DA:60,1
LF:9
LH:7
BRDA:49,0,0,0
BRDA:49,0,1,1
BRF:2
BRH:1
end_of_record
TN:
SF:src\router\promises.js
FN:46,(anonymous_0)
FN:47,(anonymous_1)
FN:59,(anonymous_2)
FNF:3
FNH:3
FNDA:1,(anonymous_0)
FNDA:1,(anonymous_1)
FNDA:1,(anonymous_2)
DA:3,1
DA:46,1
DA:47,1
DA:50,1
DA:51,1
DA:52,0
DA:53,0
DA:55,1
DA:58,1
DA:59,1
LF:10
LH:8
BRDA:51,0,0,0
BRDA:51,0,1,1
BRF:2
BRH:1
end_of_record
